[    0.000000] Linux version 4.15.0-88-generic (buildd@lgw01-amd64-036) (gcc version 7.4.0 (Ubuntu 7.4.0-1ubuntu1~18.04.1)) #88-Ubuntu SMP Tue Feb 11 20:11:34 UTC 2020 (Ubuntu 4.15.0-88.88-generic 4.15.18)
[    0.000000] Command line: BOOT_IMAGE=/boot/vmlinuz-4.15.0-88-generic root=LABEL=cloudimg-rootfs ro console=tty1 console=ttyS0
[    0.000000] KERNEL supported cpus:
[    0.000000]   Intel GenuineIntel
[    0.000000]   AMD AuthenticAMD
[    0.000000]   Centaur CentaurHauls
[    0.000000] x86/fpu: Supporting XSAVE feature 0x001: 'x87 floating point registers'
[    0.000000] x86/fpu: Supporting XSAVE feature 0x002: 'SSE registers'
[    0.000000] x86/fpu: Supporting XSAVE feature 0x004: 'AVX registers'
[    0.000000] x86/fpu: xstate_offset[2]:  576, xstate_sizes[2]:  256
[    0.000000] x86/fpu: Enabled xstate features 0x7, context size is 832 bytes, using 'standard' format.
[    0.000000] e820: BIOS-provided physical RAM map:
[    0.000000] BIOS-e820: [mem 0x0000000000000000-0x000000000009fbff] usable
[    0.000000] BIOS-e820: [mem 0x000000000009fc00-0x000000000009ffff] reserved
[    0.000000] BIOS-e820: [mem 0x00000000000f0000-0x00000000000fffff] reserved
[    0.000000] BIOS-e820: [mem 0x0000000000100000-0x000000007ffeffff] usable
[    0.000000] BIOS-e820: [mem 0x00000007fff0000-0x000000007fffffff] ACPI data
[    0.000000] BIOS-e820: [mem 0x00000000fec00000-0x00000000fec00fff] reserved
[    0.000000] BIOS-e820: [mem 0x00000000fee00000-0x00000000fee00fff] reserved
[    0.000000] BIOS-e820: [mem 0x00000000fffc0000-0x00000000ffffffff] reserved
[    0.000000] NX (Execute Disable) protection: active
[    0.000000] SMBIOS 2.5 present.
[    0.000000] DMI: innotek GmbH VirtualBox/VirtualBox, BIOS VirtualBox 12/01/2006
[    0.000000] Hypervisor detected: KVM
[    0.000000] e820: last_pfn = 0x7fff0 max_arch_pfn = 0x400000000
[    0.000000] MTRR: Disabled

[    0.000000] x86/PAT: MTRRs disabled, skipping PAT initialization too.
[    0.000000] CPU MTRRs all blank - virtualized system.
[    0.000000] x86/PAT: Configuration [0-7]: WB  WT  UC- UC  WB  WT  UC- UC  
[    0.000000] found SMP MP-table at [mem 0x0009fff0-0x0009ffff]
[    0.000000] Scanning 1 areas for low memory corruption
[    0.000000] RAMDISK: [mem 0x35a6d000-0x36d2dfff]
[    0.000000] ACPI: Early table checksum verification disabled
[    0.000000] ACPI: RSDP 0x00000000000E0000 000024 (v02 VBOX  )
[    0.000000] ACPI: XSDT 0x000000007FFF0030 00003C (v01 VBOX   VBOXXSDT 00000001 ASL  00000061)
[    0.000000] ACPI: FACP 0x000000007FFF00F0 0000F4 (v04 VBOX   VBOXFACP 00000001 ASL  00000061)
[    0.000000] ACPI: DSDT 0x000000007FFF0470 0021FF (v02 VBOX   VBOXBIOS 00000002 INTL 20180105)
[    0.000000] ACPI: FACS 0x000000007FFF0200 000040
[    0.000000] ACPI: FACS 0x000000007FFF0200 000040
[    0.000000] ACPI: APIC 0x000000007FFF0240 00005C (v02 VBOX   VBOXAPIC 00000001 ASL  00000061)
[    0.000000] ACPI: SSDT 0x000000007FFF02A0 0001CC (v01 VBOX   VBOXCPUT 00000002 INTL 20180105)
[    0.000000] No NUMA configuration found
[    0.000000] Faking a node at [mem 0x0000000000000000-0x000000007ffeffff]
[    0.000000] NODE_DATA(0) allocated [mem 0x7ffc5000-0x7ffeffff]
[    0.000000] kvm-clock: cpu 0, msr 0:7ff44001, primary cpu clock
[    0.000000] kvm-clock: Using msrs 4b564d01 and 4b564d00
[    0.000000] kvm-clock: using sched offset of 3362003108 cycles
[    0.000000] clocksource: kvm-clock: mask: 0xffffffffffffffff max_cycles: 0x1cd42e4dffb, max_idle_ns: 881590591483 ns
[    0.000000] Zone ranges:
[    0.000000]   DMA      [mem 0x0000000000001000-0x0000000000ffffff]
[    0.000000]   DMA32    [mem 0x0000000001000000-0x000000007ffeffff]
[    0.000000]   Normal   empty
[    0.000000]   Device   empty
[    0.000000] Movable zone start for each node
[    0.000000] Early memory node ranges
[    0.000000]   node   0: [mem 0x0000000000001000-0x000000000009efff]
[    0.000000]   node   0: [mem 0x0000000000100000-0x000000007ffeffff]
[    0.000000] Reserved but unavailable: 98 pages
[    0.000000] Initmem setup node 0 [mem 0x0000000000001000-0x000000007ffeffff]
[    0.000000] ACPI: PM-Timer IO Port: 0x4008
[    0.000000] IOAPIC[0]: apic_id 2, version 32, address 0xfec00000, GSI 0-23
[    0.000000] ACPI: INT_SRC_OVR (bus 0 bus_irq 0 global_irq 2 dfl dfl)
[    0.000000] ACPI: INT_SRC_OVR (bus 0 bus_irq 9 global_irq 9 low level)
[    0.000000] Using ACPI (MADT) for SMP configuration information
[    0.000000] smpboot: Allowing 2 CPUs, 0 hotplug CPUs
[    0.000000] PM: Registered nosave memory: [mem 0x00000000-0x00000fff]
[    0.000000] PM: Registered nosave memory: [mem 0x0009f000-0x0009ffff]
[    0.000000] PM: Registered nosave memory: [mem 0x000a0000-0x000effff]
[    0.000000] PM: Registered nosave memory: [mem 0x000f0000-0x000fffff]
[    0.000000] e820: [mem 0x80000000-0xfebfffff] available for PCI devices
[    0.000000] Booting paravirtualized kernel on KVM
[    0.000000] clocksource: refined-jiffies: mask: 0xffffffff max_cycles: 0xffffffff, max_idle_ns: 7645519600211568 ns
[    0.000000] random: get_random_bytes called from start_kernel+0x99/0x4fd with crng_init=0
[    0.000000] setup_percpu: NR_CPUS:8192 nr_cpumask_bits:2 nr_cpu_ids:2 nr_node_ids:1
[    0.000000] percpu: Embedded 45 pages/cpu s147456 r8192 d28672 u1048576
[    0.000000] PV qspinlock hash table entries: 256 (order: 0, 4096 bytes)
[    0.000000] Built 1 zonelists, mobility grouping on.  Total pages: 515961
[    0.000000] Policy zone: DMA32
[    0.000000] Kernel command line: BOOT_IMAGE=/boot/vmlinuz-4.15.0-88-generic root=LABEL=cloudimg-rootfs ro console=tty1 console=ttyS0
[    0.000000] Memory: 2015260K/2096696K available (12300K kernel code, 2481K rwdata, 4264K rodata, 2428K init, 2712K bss, 81436K reserved, 0K cma-reserved)
[    0.000000] SLUB: HWalign=64, Order=0-3, MinObjects=0, CPUs=2, Nodes=1
[    0.000000] Kernel/User page tables isolation: enabled
[    0.000000] ftrace: allocating 39344 entries in 154 pages
[    0.004000] Hierarchical RCU implementation.
[    0.004000] 	RCU restricting CPUs from NR_CPUS=8192 to nr_cpu_ids=2.
[    0.004000] 	Tasks RCU enabled.
[    0.004000] RCU: Adjusting geometry for rcu_fanout_leaf=16, nr_cpu_ids=2
[    0.004000] NR_IRQS: 524544, nr_irqs: 440, preallocated irqs: 16
[    0.004000] Console: colour VGA+ 80x25
[    0.004000] console [tty1] enabled
[    0.004000] console [ttyS0] enabled
[    0.004000] ACPI: Core revision 20170831
[    0.004000] ACPI: 2 ACPI AML tables successfully acquired and loaded
[    0.004000] APIC: Switch to symmetric I/O mode setup
[    0.004000] x2apic enabled
[    0.004000] Switched APIC routing to physical x2apic.
[    0.004000] ..TIMER: vector=0x30 apic1=0 pin1=2 apic2=-1 pin2=-1
[    0.004004] tsc: Detected 2807.998 MHz processor
[    0.004783] Calibrating delay loop (skipped) preset value.. 5615.99 BogoMIPS (lpj=11231992)
[    0.005310] pid_max: default: 32768 minimum: 301
[    0.006087] Security Framework initialized
[    0.008003] Yama: becoming mindful.
[    0.008686] AppArmor: AppArmor initialized
[    0.010241] Dentry cache hash table entries: 262144 (order: 9, 2097152 bytes)
[    0.012042] Inode-cache hash table entries: 131072 (order: 8, 1048576 bytes)
[    0.013198] Mount-cache hash table entries: 4096 (order: 3, 32768 bytes)
[    0.014229] Mountpoint-cache hash table entries: 4096 (order: 3, 32768 bytes)
[    0.015593] Last level iTLB entries: 4KB 64, 2MB 8, 4MB 8
[    0.016003] Last level dTLB entries: 4KB 64, 2MB 0, 4MB 0, 1GB 4
[    0.016964] Spectre V1 : Mitigation: usercopy/swapgs barriers and __user pointer sanitization
[    0.018328] Spectre V2 : Mitigation: Full generic retpoline
[    0.020001] Spectre V2 : Spectre v2 / SpectreRSB mitigation: Filling RSB on context switch
[    0.021406] Speculative Store Bypass: Vulnerable
[    0.022334] MDS: Mitigation: Clear CPU buffers
[    0.023299] Freeing SMP alternatives memory: 36K
[    0.134041] smpboot: CPU0: Intel(R) Core(TM) i7-7700HQ CPU @ 2.80GHz (family: 0x6, model: 0x9e, stepping: 0x9)
[    0.136086] Performance Events: unsupported p6 CPU model 158 no PMU driver, software events only.
[    0.140037] Hierarchical SRCU implementation.
[    0.141543] NMI watchdog: Perf event create on CPU 0 failed with -2
[    0.144006] NMI watchdog: Perf NMI watchdog permanently disabled
[    0.145113] smp: Bringing up secondary CPUs ...
[    0.148115] x86: Booting SMP configuration:
[    0.152003] .... node  #0, CPUs:      #1
[    0.004000] kvm-clock: cpu 1, msr 0:7ff44041, secondary cpu clock
[    0.220027] smp: Brought up 1 node, 2 CPUs
[    0.224009] smpboot: Max logical packages: 1
[    0.224744] smpboot: Total of 2 processors activated (11231.99 BogoMIPS)
[    0.228192] devtmpfs: initialized
[    0.232056] x86/mm: Memory block size: 128MB
[    0.233063] evm: security.selinux
[    0.233677] evm: security.SMACK64
[    0.234253] evm: security.SMACK64EXEC
[    0.234952] evm: security.SMACK64TRANSMUTE
[    0.235659] evm: security.SMACK64MMAP
[    0.236007] evm: security.apparmor
[    0.236623] evm: security.ima
[    0.237157] evm: security.capability
[    0.237809] clocksource: jiffies: mask: 0xffffffff max_cycles: 0xffffffff, max_idle_ns: 7645041785100000 ns
[    0.237809] futex hash table entries: 512 (order: 3, 32768 bytes)
[    0.240067] pinctrl core: initialized pinctrl subsystem
[    0.240999] RTC time: 19:32:58, date: 03/29/20
[    0.241933] NET: Registered protocol family 16
[    0.242748] audit: initializing netlink subsys (disabled)
[    0.244037] audit: type=2000 audit(1585510383.659:1): state=initialized audit_enabled=0 res=1
[    0.245671] cpuidle: using governor ladder
[    0.245671] cpuidle: using governor menu
[    0.248044] ACPI: bus type PCI registered
[    0.248745] acpiphp: ACPI Hot Plug PCI Controller Driver version: 0.5
[    0.249844] PCI: Using configuration type 1 for base access
[    0.252580] HugeTLB registered 2.00 MiB page size, pre-allocated 0 pages
[    0.253125] ACPI: Added _OSI(Module Device)
[    0.253125] ACPI: Added _OSI(Processor Device)
[    0.256004] ACPI: Added _OSI(3.0 _SCP Extensions)
[    0.256764] ACPI: Added _OSI(Processor Aggregator Device)
[    0.257629] ACPI: Added _OSI(Linux-Dell-Video)
[    0.258361] ACPI: Added _OSI(Linux-Lenovo-NV-HDMI-Audio)
[    0.259217] ACPI: Added _OSI(Linux-HPI-Hybrid-Graphics)
[    0.260291] ACPI: Executed 1 blocks of module-level executable AML code
[    0.268403] ACPI: Interpreter enabled
[    0.269076] ACPI: (supports S0 S5)
[    0.272006] ACPI: Using IOAPIC for interrupt routing
[    0.273079] PCI: Using host bridge windows from ACPI; if necessary, use "pci=nocrs" and report a bug
[    0.274986] ACPI: Enabled 2 GPEs in block 00 to 07
[    0.281523] ACPI: PCI Root Bridge [PCI0] (domain 0000 [bus 00-ff])
[    0.284017] acpi PNP0A03:00: _OSC: OS supports [ASPM ClockPM Segments MSI]
[    0.285126] acpi PNP0A03:00: _OSC: not requesting OS control; OS requires [ExtendedConfig ASPM ClockPM MSI]
[    0.286628] acpi PNP0A03:00: fail to add MMCONFIG information, can't access extended PCI configuration space under this bridge.
[    0.288344] PCI host bridge to bus 0000:00
[    0.289016] pci_bus 0000:00: root bus resource [io  0x0000-0x0cf7 window]
[    0.290050] pci_bus 0000:00: root bus resource [io  0x0d00-0xffff window]
[    0.292013] pci_bus 0000:00: root bus resource [mem 0x000a0000-0x000bffff window]
[    0.293232] pci_bus 0000:00: root bus resource [mem 0x80000000-0xfdffffff window]
[    0.294445] pci_bus 0000:00: root bus resource [bus 00-ff]
[    0.297750] pci 0000:00:01.1: legacy IDE quirk: reg 0x10: [io  0x01f0-0x01f7]
[    0.298838] pci 0000:00:01.1: legacy IDE quirk: reg 0x14: [io  0x03f6]
[    0.300003] pci 0000:00:01.1: legacy IDE quirk: reg 0x18: [io  0x0170-0x0177]
[    0.301084] pci 0000:00:01.1: legacy IDE quirk: reg 0x1c: [io  0x0376]
[    0.327070] pci 0000:00:07.0: quirk: [io  0x4000-0x403f] claimed by PIIX4 ACPI
[    0.328021] pci 0000:00:07.0: quirk: [io  0x4100-0x410f] claimed by PIIX4 SMB
[    0.348670] ACPI: PCI Interrupt Link [LNKA] (IRQs 5 9 10 *11)
[    0.352351] ACPI: PCI Interrupt Link [LNKB] (IRQs 5 9 *10 11)
[    0.353384] ACPI: PCI Interrupt Link [LNKC] (IRQs 5 *9 10 11)
[    0.356112] ACPI: PCI Interrupt Link [LNKD] (IRQs 5 9 10 *11)
[    0.357432] SCSI subsystem initialized
[    0.358125] pci 0000:00:02.0: vgaarb: setting as boot VGA device
[    0.358125] pci 0000:00:02.0: vgaarb: VGA device added: decodes=io+mem,owns=io+mem,locks=none
[    0.360018] pci 0000:00:02.0: vgaarb: bridge control possible
[    0.360920] vgaarb: loaded
[    0.361451] ACPI: bus type USB registered
[    0.364031] usbcore: registered new interface driver usbfs
[    0.366166] usbcore: registered new interface driver hub
[    0.368024] usbcore: registered new device driver usb
[    0.368984] EDAC MC: Ver: 3.0.0
[    0.368984] PCI: Using ACPI for IRQ routing
[    0.372331] NetLabel: Initializing
[    0.372947] NetLabel:  domain hash size = 128
[    0.376004] NetLabel:  protocols = UNLABELED CIPSOv4 CALIPSO
[    0.380029] NetLabel:  unlabeled traffic allowed by default
[    0.384084] clocksource: Switched to clocksource kvm-clock
[    0.395890] VFS: Disk quotas dquot_6.6.0
[    0.494253] VFS: Dquot-cache hash table entries: 512 (order 0, 4096 bytes)
[  0958]ppArmor: AppArmor Filysm abd  0.73] pnp: PnP ACPI init
[    1.137086] pnp: PnP ACPI: found 3 devices
[    1.146937] clocksource: acpi_pm: mask: 0xffffff max_cycles: 0xffffff, max_idle_ns: 2085701024 ns
[    1.154646] NET: Registered protocol family 2
[    1.155905] TCP established hash table entries: 16384 (order: 5, 131072 bytes)
[    1.157728] TCP bind hash table entries: 16384 (order: 6, 262144 bytes)
[    1.159255] TCP: Hash tables configured (established 16384 bind 16384)
[    1.161451] UDP hash table entries: 1024 (order: 3, 32768 bytes)
[    1.162770] UDP-Lite hash table entries: 1024 (order: 3, 32768 bytes)
[    1.164201] NET: Registered protocol family 1
[    1.165221] pci 0000:00:00.0: Limiting direct PCI/PCI transfers
  1.65] pci 0000:00:01.0: Activating ISA DMA hang workarounds
[    1.339524] pc 00::00:id dicwi shadowed ROM at [mem 0x000c0000-0x000dffff]
[    1.741691] Unckg itramfs...

[    2.182385] Freeing initrd memory: 19204K
[    2.188503] clocksource: tsc: mask: 0xffffffffffffffff max_cycles: 0x2879c456dd4, max_idle_ns: 440795285767 ns
[    2.190297] platform rtc_cmos: registered platform RTC device (no PNP device found)
[    2.191522] Scanning for low memory corruption every 60 seconds
[    2.193164] Initialise system trusted keyrings
[    2.203077] Key type blacklist registered
[    2.203883] workingset: timestamp_bits=36 max_order=19 bucket_order=0
[    2.205932] zbud: loaded
[    2.212341] squashfs: version 4.0 (2009/01/31) Phillip Lougher
[    2.242000] fuse init (API version 7.26)
[    244902] Key type asymmetric registered

[    2.302626] Asymmetric key parser 'x509' registered
[    2.303504] Block layer SCSI generic (bsg) driver version 0.4 loaded (major 246)
[    2.304921] io scheduler noop registered
[    2.308922] io scheduler deadline registered
[    2.310132] io scheduler cfq registered (default)
[    2.311476] ACPI: AC Adapter [AC] (off-line)
[    2.312449] input: Power Button as /devices/LNXSYSTM:00/LNXPWRBN:00/input/input0
[    2.329042] ACPI: Power Button [PWRF]
[    2.330045] input: Sleep Button as /devices/LNXSYSTM:00/LNXSLPBN:00/input/input1
[    2.331702] ACPI: Sleep Button [SLPF]
[    2.334140] ACPI: Battery Slot [BAT0] (battery present)
[    2.335425] Serial: 8250/16550 driver, 32 ports, IRQ sharing enabled
[    2.359944] 00:02: ttyS0 at I/O 0x3f8 (irq = 4, base_baud = 115200) is a 16550A
[    2.394485] Linux agpgart interface v0.103
[    2.398257] loop: module loaded
[    2.431395] scsi host0: ata_piix
[    2.432353] scsi host1: ata_piix
[    2.433267] ata1: PATA max UDMA/33 cmd 0x1f0 ctl 0x3f6 bmdma 0xd000 irq 14
[    2.437103] ata2: PATA max UDMA/33 cmd 0x170 ctl 0x376 bmdma 0xd008 irq 15
[    2.438738] libphy: Fixed MDIO Bus: probed
[    2.439420] tun: Universal TUN/TAP device driver, 1.6
[    2.448951] PPP generic driver version 2.4.2
[    2.449764] ehci_hcd: USB 2.0 'Enhanced' Host Controller (EHCI) Driver
[    2.450907] ehci-pci: EHCI PCI platform driver
[    2.452764] ehci-platform: EHCI generic platform driver
[    2.462117] ohci_hcd: USB 1.1 'Open' Host Controller (OHCI) Driver
[    2.463069] ohci-pci: OHCI PCI platform driver
[    2.463808] ohci-platform: OHCI generic platform driver
[    2.464662] uhci_hcd: USB Universal Host Controller Interface driver
[    2.465741] i8042: PNP: PS/2 Controller [PNP0303:PS2K,PNP0f03:PS2M] at 0x60,0x64 irq 1,12
[    2.473172] serio: i8042 KBD port at 0x60,0x64 irq 1
[    2.474201] serio: i8042 AUX port at 0x60,0x64 irq 12
[    2.475457] mousedev: PS/2 mouse device common for all mice
[    2.477098] rtc_cmos rtc_cmos: rtc core: registered rtc_cmos as rtc0
[    2.488832] input: AT Translated Set 2 keyboard as /devices/platform/i8042/serio0/input/input2
[    2.490234] rtc_cmos rtc_cmos: alarms up to one day, 114 bytes nvram
[    2.491436] i2c /dev entries driver
[    2.492119] device-mapper: uevent: version 1.0.3
[    2.492976] device-mapper: ioctl: 4.37.0-ioctl (2017-09-20) initialised: dm-devel@redhat.com
[    2.513272] ledtrig-cpu: registered to indicate activity on CPUs
[    2.517546] NET: Registered protocol family 10
[    2.565321] Segment Routing with IPv6
[    2.587119] NET: Registered protocol family 17
[    2.588011] Key type dns_resolver registered
[    2.588976] mce: Using 0 MCE banks
[    2.589594] RAS: Correctable Errors collector initialized.
[    2.595849] sched_clock: Marking stable (2595811871, 0)->(3124107565, -528295694)
[    2.597947] registered taskstats version 1
[    2.598644] Loading compiled-in X.509 certificates
[    2.602264] Loaded X.509 cert 'Build time autogenerated kernel key: f0020782f0d3a548186fb3f47aed88387a71e859'
[    2.621420] zswap: loaded using pool lzo/zbud
[    2.626463] Key type big_key registered
[    2.643143] Key type trusted registered
[    2.646043] Key type encrypted registered
[    2.652077] AppArmor: AppArmor sha1 policy hashing enabled
[    2.667598] ima: No TPM chip found, activating TPM-bypass! (rc=-19)
[    2.674043] ima: Allocated hash algorithm: sha1
[    2.725546] evm: HMAC attrs: 0x1
[    2.731650]   Magic number: 12:654:547
[    2.782925] tty ttyS23: hash matches
[    2.783745] rtc_cmos rtc_cmos: setting system clock to 2020-03-29 19:33:01 UTC (1585510381)
[    2.785293] BIOS EDD facility v0.16 2004-Jun-25, 0 devices found
[    2.786386] EDD information not available.
[    2.790068] Freeing unused kernel image memory: 2428K
[    2.816108] Write protecting the kernel read-only data: 20480k
[    2.850505] Freeing unused kernel image memory: 2008K
[    2.852053] Freeing unused kernel image memory: 1880K
[    2.862110] x86/mm: Checked W+X mappings: passed, no W+X pages found.
[    3.102397] x86/mm: Checking user space page tables
[    3.111522] x86/mm: Checked W+X mappings: passed, no W+X pages found.
Loading, please wait...
starting version 237
[    3.329506] Fusion MPT base driver 3.04.20
[    3.348631] Copyright (c) 1999-2008 LSI Corporation
[    3.353534] e1000: Intel(R) PRO/1000 Network Driver - version 7.3.21-k8-NAPI
[    3.402796] e1000: Copyright (c) 1999-2006 Intel Corporation.
[    3.418967] Fusion MPT SPI Host driver 3.04.20
[    3.423903] AVX2 version of gcm_enc/dec engaged.
[    3.424814] AES CTR mode by8 optimization enabled
[    3.615327] input: ImExPS/2 Generic Explorer Mouse as /devices/platform/i8042/serio1/input/input4
[    3.856380] e1000 0000:00:03.0 eth0: (PCI:33MHz:32-bit) 02:fa:82:eb:a2:e9
[    3.863615] e1000 0000:00:03.0 eth0: Intel(R) PRO/1000 Network Connection
[    4.466942] e1000 0000:00:08.0 eth1: (PCI:33MHz:32-bit) 08:00:27:71:e2:9f
[    5.113341] e1000 0000:00:08.0 eth1: Intel(R) PRO/1000 Network Connection
[    5.116557] mptbase: ioc0: Initiating bringup
[    5.117162] e1000 0000:00:08.0 enp0s8: renamed from eth1
[    5.153157] e1000 0000:00:03.0 enp0s3: renamed from eth0
[    5.228563] ioc0: LSI53C1030 A0: Capabilities={Initiator}
[    5.474962] scsi host2: ioc0: LSI53C1030 A0, FwRev=00000000h, Ports=1, MaxQ=256, IRQ=20
[    5.648955] scsi 2:0:0:0: Direct-Access     VBOX     HARDDISK         1.0  PQ: 0 ANSI: 5
[    5.724128] scsi target2:0:0: Beginning Domain Validation
[    5.815266] scsi target2:0:0: Domain Validation skipping write tests
[    5.816353] scsi target2:0:0: Ending Domain Validation
[    5.817330] scsi target2:0:0: asynchronous
[    5.818732] scsi 2:0:1:0: Direct-Access     VBOX     HARDDISK         1.0  PQ: 0 ANSI: 5
[    5.848152] scsi target2:0:1: Beginning Domain Validation
[    5.859400] random: fast init done
[    5.874708] scsi target2:0:1: Domain Validation skipping write tests
[    5.895014] scsi target2:0:1: Ending Domain Validation
[    5.899042] scsi target2:0:1: asynchronous
[    5.937860] random: systemd-udevd: uninitialized urandom read (16 bytes read)
[    5.983707] sd 2:0:0:0: Attached scsi generic sg0 type 0
[    5.984077] random: systemd-udevd: uninitialized urandom read (16 bytes read)
[    5.984881] sd 2:0:1:0: Attached scsi generic sg1 type 0
[    5.986258] sd 2:0:0:0: [sda] 62914560 512-byte logical blocks: (32.2 GB/30.0 GiB)
[    5.996070] random: systemd-udevd: uninitialized urandom read (16 bytes read)
[    6.174335] sd 2:0:0:0: [sda] Write Protect is off
[    6.199791] sd 2:0:1:0: [sdb] 20480 512-byte logical blocks: (10.5 MB/10.0 MiB)
[    6.199808] sd 2:0:0:0: [sda] Incomplete mode parameter data
[    6.232362] sd 2:0:0:0: [sda] Assuming drive cache: write through
[    6.232413] sd 2:0:1:0: [sdb] Write Protect is off
[    6.253800] sd 2:0:1:0: [sdb] Incomplete mode parameter data
[    6.262381]  sda: sda1
[    6.293551] sd 2:0:1:0: [sdb] Assuming drive cache: write through
[    6.296814] sd 2:0:0:0: [sda] Attached SCSI disk
[    6.298893] sd 2:0:1:0: [sdb] Attached SCSI disk
Begin: Loading essential drivers ... [    7.864387] raid6: sse2x1   gen()  8877 MB/s
[    7.912472] raid6: sse2x1   xor()  6863 MB/s
[    7.969755] raid6: sse2x2   gen()  7155 MB/s
[    8.022603] raid6: sse2x2   xor()  8317 MB/s
[    8.068212] raid6: sse2x4   gen()  8494 MB/s
[    8.220667] raid6: sse2x4   xor()  7662 MB/s
[    8.308252] raid6: avx2x1   gen() 12445 MB/s
[    8.368081] raid6: avx2x1   xor()  9228 MB/s
[    8.442456] raid6: avx2x2   gen() 14017 MB/s
[    8.512496] raid6: avx2x2   xor()  9035 MB/s
[    8.856988] raid6: avx2x4   gen() 26690 MB/s
[    8.982489] raid6: avx2x4   xor() 17023 MB/s
[    9.033248] raid6: using algorithm avx2x4 gen() 26690 MB/s
[    9.034158] raid6: .... xor() 17023 MB/s, rmw enabled
[    9.034975] raid6: using avx2x2 recovery algorithm
[    9.039162] xor: automatically using best checksumming function   avx       
[    9.048247] async_tx: api initialized (async)
done.
Begin: Running /scripts/init-premount ... done.
Begin: Mounting root file system ... Begin: Running /scripts/local-top ... done.
Begin: Running /scripts/local-premount ... [    9.125579] Btrfs loaded, crc32c=crc32c-intel
Scanning for Btrfs filesystems
done.
Warning: fsck no[    9.183577] EXT4-fs (sda1): mounted filesystem with ordered data mode. Opts: (null)
t present, so skipping root file system
done.
Begin: Running /scripts/local-bottom ... done.
Begin: Running /scripts/init-bottom ... done.
[    9.530209] ip_tables: (C) 2000-2006 Netfilter Core Team
[    9.549383] systemd[1]: systemd 237 running in system mode. (+PAM +AUDIT +SELINUX +IMA +APPARMOR +SMACK +SYSVINIT +UTMP +LIBCRYPTSETUP +GCRYPT +GNUTLS +ACL +XZ +LZ4 +SECCOMP +BLKID +ELFUTILS +KMOD -IDN2 +IDN -PCRE2 default-hierarchy=hybrid)
[   10.275644] systemd[1]: Detected virtualization oracle.
[   10.276544] systemd[1]: Detected architecture x86-64.

Welcome to [1mUbuntu 18.04.4 LTS[0m!

[   10.307621] systemd[1]: Set hostname to <ubuntu-bionic>.
[   10.690032] systemd[1]: Created slice User and Session Slice.
[[0;32m  OK  [0m] Created slice User and Session Slice.
[   10.716188] systemd[1]: Reached target Swap.
[[0;32m  OK  [0m] Reached target Swap.
[   10.724814] systemd[1]: Set up automount Arbitrary Executable File Formats File System Automount Point.
[[0;32m  OK  [0m] Set up automount Arbitrary Executab…rmats File System Automount Point.
[   10.727992] systemd[1]: Reached target User and Group Name Lookups.
[[0;32m  OK  [0m] Reached target User and Group Name Lookups.
[   10.736616] systemd[1]: Started Forward Password Requests to Wall Directory Watch.
[[0;32m  OK  [0m] Started Forward Password Requests to Wall Directory Watch.
[   10.762597] systemd[1]: Reached target System Time Synchronized.
[[0;32m  OK  [0m] Reached target System Time Synchronized.
[[0;32m  OK  [0m] Created slice System Slice.
[[0;32m  OK  [0m] Listening on udev Control Socket.
[[0;32m  OK  [0m] Listening on Journal Socket (/dev/log).
[[0;32m  OK  [0m] Listening on Journal Socket.
         Mounting Kernel Debug File System...
[[0;32m  OK  [0m] Listening on LVM2 metadata daemon socket.
         Starting Load Kernel Modules...
         Starting Remount Root and Kernel File Systems...
         Starting Create list of required[   11.034172] Loading iSCSI transport class v2.0-870.
 st…ce nodes for the current kernel...
[[0;32m  OK  [0m] Listening on /dev/initctl Compatibility Named Pipe.
[[0;32m  OK  [0m] Listening on Network Service Netlink Socket.
[   11.042383] iscsi: registered transport (tcp)
         Starting Set the console keyboard layout...
[[0;32m  OK  [0m] Listening on LVM2 poll daemon socket.
[[0;32m  OK  [0m] Listening on udev Kernel Socket.
[   11.070569] iscsi: registered transport (iser)
         [   11.076204] EXT4-fs (sda1): re-mounted. Opts: (null)
Starting udev Coldplug all Devices...
[[0;32m  OK  [0m] Reached target Slices.
[[0;32m  OK  [0m] Listening on Syslog Socket.
[[0;32m  OK  [0m] Created slice system-serial\x2dgetty.slice.
[[0;32m  OK  [0m] Listening on Device-mapper event daemon FIFOs.
         Mounting Huge Pages File System...
         Starting Monitoring of LVM2 mirrors…ng dmeventd or progress polling...
         Starting Uncomplicated firewall...
         Mounting POSIX Message Queue File System...
[[0;32m  OK  [0m] Listening on Journal Audit Socket.
         Starting Journal Service...
[[0;32m  OK  [0m] Mounted Kernel Debug File System.
[[0;32m  OK  [0m] Started Load Kernel Modules.
[[0;32m  OK  [0m] Started Remount Root and Kernel File Systems.
[[0;32m  OK  [0m] Started Journal Service.
[[0;32m  OK  [0m] Started Create list of required sta…vice nodes for the current kernel.
[[0;32m  OK  [0m] Started Set the console keyboard layout.
[[0;32m  OK  [0m] Mounted Huge Pages File System.
[[0;32m  OK  [0m] Started Uncomplicated firewall.
[[0;32m  OK  [0m] Mounted POSIX Message Queue File System.
[[0;32m  OK  [0m] Started udev Coldplug all Devices.
[[0;32m  OK  [0m] Started LVM2 metadata daemon.
         Starting Create Static Device Nodes in /dev...
         Starting Load/Save Random Seed...
         Starting Flush Journal to Persistent Storage...
         Mounting Kernel Configuration File System...
         Starting Apply Kernel Variables...
         Mounting FUSE Control File System...
[[0;32m  OK  [0m] Started Monitoring of LVM2 mirrors,…sing dmeventd or progress polling.
[[0;32m  OK  [0m] Started Create Static Device Nodes in /dev.
[[0;32m  OK  [0m] Started Load/Save Random Seed.
[[0;32m  OK  [0m] Mounted Kernel Configuration File System.
[[0;32m  OK  [0m] Mounted FUSE Control File System.
[[0;32m  OK  [0m] Started Apply Kernel Variables.
         Starting udev Kernel Device Manager...
[[0;32m  OK  [0m] Reached target Local File Systems (Pre).
[[0;32m  OK  [0m] Reached target Local File Systems.
         Starting ebtables ruleset management...
         Starting AppArmor initialization...
         Starting Tell Plymouth To Write Out Runtime Data...
         Starting Set console font and keymap...
[[0;32m  OK  [0m] Started udev Kernel Device Manager.
[[0;32m  OK  [0m] Started Tell Plymouth To Write Out Runtime Data.
[[0;32m  OK  [0m] Started Set console font and keymap.
[[0;32m  OK  [0m] Started Dispatch Password Requests to Console Directory Watch.
[[0;32m  OK  [0m] Reached target Local Encrypted Volumes.
[[0;32m  OK  [0m] Started ebtables ruleset management.
[[0;32m  OK  [0m] Started Flush Journal to Persistent Storage.
         Starting Create Volatile Files and Directories...
[[0;32m  OK  [0m] Started Create Volatile Files and Directories.
         Starting Update UTMP about System Boot/Shutdown...
[[0;32m  OK  [0m] Started Update UTMP about System Boot/Shutdown.
[[0;32m  OK  [0m] Found device /dev/ttyS0.
[[0;32m  OK  [0m] Started AppArmor initialization.
         Starting Initial cloud-init job (pre-networking)...
[[0;32m  OK  [0m] Listening on Load/Save RF Kill Switch Status /dev/rfkill Watch.
[   13.616954] cloud-init[538]: Cloud-init v. 19.4-33-gbb4131a2-0ubuntu1~18.04.1 running 'init-local' at Sun, 29 Mar 2020 19:33:12 +0000. Up 13.32 seconds.
[[0;32m  OK  [0m] Started Initial cloud-init job (pre-networking).
[[0;32m  OK  [0m] Reached target Network (Pre).
         Starting Network Service...
[[0;32m  OK  [0m] Started Network Service.
         Starting Network Name Resolution...
         Starting Wait for Network to be Configured...
[[0;32m  OK  [0m] Started Network Name Resolution.
[[0;32m  OK  [0m] Reached target Network.
[[0;32m  OK  [0m] Reached target Host and Network Name Lookups.
[[0;32m  OK  [0m] Started Wait for Network to be Configured.
         Starting Initial cloud-init job (metadata service crawler)...
[   17.092179] cloud-init[660]: Cloud-init v. 19.4-33-gbb4131a2-0ubuntu1~18.04.1 running 'init' at Sun, 29 Mar 2020 19:33:15 +0000. Up 16.84 seconds.
[   17.135948] cloud-init[660]: ci-info: ++++++++++++++++++++++++++++++++++++++Net device info+++++++++++++++++++++++++++++++++++++++
[   17.142313] cloud-init[660]: ci-info: +--------+------+-----------------------------+---------------+--------+-------------------+
[   17.144749] cloud-init[660]: ci-info: | Device |  Up  |           Address           |      Mask     | Scope  |     Hw-Address    |
[   17.249237] cloud-init[660]: ci-info: +--------+------+-----------------------------+---------------+--------+-------------------+
[   17.256159] cloud-init[660]: ci-info: | enp0s3 | True |          10.0.2.15          | 255.255.255.0 | global | 02:fa:82:eb:a2:e9 |
[   17.331541] cloud-init[660]: ci-info: | enp0s3 | True |  fe80::fa:82ff:feeb:a2e9/64 |       .       |  link  | 02:fa:82:eb:a2:e9 |
[   17.373753] cloud-init[660]: ci-info: | enp0s8 | True |        192.168.33.10        | 255.255.255.0 | global | 08:00:27:71:e2:9f |
[   17.428790] cloud-init[660]: ci-info: | enp0s8 | True | fe80::a00:27ff:fe71:e29f/64 |       .       |  link  | 08:00:27:71:e2:9f |
[   17.468079] cloud-init[660]: ci-info: |   lo   | True |          127.0.0.1          |   255.0.0.0   |  host  |         .         |
[[0;32m  OK  [0m] Started Initial cloud-init job (metadata service crawler).
[[0;32m  OK  [0m] Reached target System Initialization.
[   17.538869] cloud-init[660]: ci-info: |   lo   | True |           ::1/128           |       .       |  host  |         .         |
[[0;32m  OK  [0m] Listening on UUID daemon activation socket.
[[0;32m  OK  [0m] Listening on Open-iSCSI iscsid Socket.
[   17.649146] cloud-init[660]: ci-info: +--------+------+-----------------------------+---------------+--------+-------------------+
         Starting Socket activation for snappy daemon.
[[0;32m  OK  [0m] Started Daily Cleanup of Temporary Directories.
[   17.767031] cloud-init[660]: ci-info: +++++++++++++++++++++++++++++Route IPv4 info+++++++++++++++++++++++++++++
[   17.850279] [cloud-init[0;32m  OK  [0m[660]: ] ci-info: +-------+--------------+----------+-----------------+-----------+-------+Started ACPI Events Check.

[   18.115019] cloud-init[660]: ci-info: | Route | Destination  | Gateway  |     Genmask     | Interface | Flags |
[[0;32m  OK  [0m] Reached target Paths.
[   18.124049] cloud-init[660]: ci-info: +-------+--------------+----------+-----------------+-----------+-------+
[[0;32m  OK  [0m] Started Discard unused blocks once a week.
[   18.448660] cloud-init[660]: ci-info: |   0   |   0.0.0.0    | 10.0.2.2 |     0.0.0.0     |   enp0s3  |   UG  |
[[0;32m  OK  [0m] Started Message of the Day.
[   18.617778] [[0;32m  OK  [0m] Listening on ACPID Listen Socket.
cloud-init[660]: ci-info: |   1   |   10.0.2.0   | 0.0.0.0  |  255.255.255.0  |   enp0s3  |   U   |
         Starting LXD - unix socket.
[   18.685765] [[0;32m  OK  [0m] Started Daily apt download activities.
[[0;32m  OK  [0m] Started Daily apt upgrade and clean activities.
[[0;32m  OK  [0m] Listening on D-Bus System Message Bus Socket.
[[0;32m  OK  [0m] Reached target Timers.
[[0;32m  OK  [0m] Reached target Cloud-config availability.
cloud-init[660]: ci-info: |   2   |   10.0.2.2   | 0.0.0.0  | 255.255.255.255 |   enp0s3  |   UH  |
[[0;32m  OK  [0m] Reached target Network is Online.
[   18.701740] cloud-init[660]: ci-info: |   3   | 192.168.33.0 | 0.0.0.0  |  255.255.255.0  |   enp0s8  |   U   |
         Starting Availability of block devices...
[[0;32m  OK  [0m] Reached target Remote File Systems (Pre).
[[0;32m  OK  [0m] Reached target Remote File Systems.
[   18.738743] cloud-init[660]: ci-info: +-------+--------------+----------+-----------------+-----------+-------+
[[0;32m  OK  [0m] Listening on Socket activation for snappy daemon.
[[0;32m  OK  [0m] Listening on LXD - unix socket.
[   18.778910] cloud-init[660]: ci-info: +++++++++++++++++++Route IPv6 info+++++++++++++++++++
[   18.833787] [[0;32m  OK  [0m] Started Availability of block devices.
[[0;32m  OK  [0m] Reached target Sockets.
[[0;32m  OK  [0m] Reached target Basic System.
cloud-init[660]: ci-info: +-------+-------------+---------+-----------+-------+
[[0;32m  OK  [0m] Started irqbalance daemon.
[   18.889550] cloud-init[660]: ci-info: | Route | Destination | Gateway | Interface | Flags |
         Starting Snappy daemon...
[   18.955890] cloud-init[660]: ci-info: +-------+-------------+---------+-----------+-------+
         Starting Permit User Sessions...
[   19.019949] cloud-init[660]: ci-info: |   1   |  fe80::/64  |    ::   |   enp0s8  |   U   |
[   19.027154] cloud-init[660]: ci-info: |   2   |  fe80::/64  |    ::   |   enp0s3  |   U   |
[[0;32m  OK  [0m] Started Regular background program processing daemon.
[   19.078328] cloud-init[660]: ci-info: |   4   |    local    |    ::   |   enp0s3  |   U   |
         Starting LSB: Linux init script for swapspace...
[   19.114943] cloud-init[660]:          Starting MySQL Community Server...
ci-info: |   5   |    local    |    ::   |   enp0s8  |   U   |
         Starting Accounts Service...
[   19.202336] cloud-init[660]: ci-info: |   6   |   ff00::/8  |    ::   |   enp0s8  |   U   |
         Starting System Logging Service...
[[0;32m  OK  [0m] Started D-Bus System Message Bus.
[   19.238225] cloud-init[660]: ci-info: |   7   |   ff00::/8  |    ::   |   enp0s3  |   U   |
[   19.317839] cloud-init[660]: ci-info: +-------+-------------+---------+-----------+-------+
         Starting Login Service...
[[0;32m  OK  [0m] Started FUSE filesystem for LXC.
         Starting LSB: Record successful boot for GRUB...
         Starting Dispatcher daemon for systemd-networkd...
[[0;32m  OK  [0m] Started Deferred execution scheduler.
         Starting LXD - container startup/shutdown...
         Starting OpenBSD Secure Shell server...
         Starting LSB: automatic crash report generation...
         Starting Virtualbox guest utils...
[[0;32m  OK  [0m] Started System Logging Service.
[[0;32m  OK  [0m] Started Snappy daemon.
[[0;32m  OK  [0m] Started Permit User Sessions.
[[0;32m  OK  [0m] Started Login Service.
[[0;32m  OK  [0m] Started Unattended Upgrades Shutdown.
         Starting Authorization Manager...
         Starting Hold until boot process finishes up...
         Starting Terminate Plymouth Boot Screen...
         Starting Wait until snapd is fully seeded...
[[0;32m  OK  [0m] Started LSB: Linux init script for swapspace.
[[0;32m  OK  [0m] Started LSB: Record successful boot for GRUB.
[[0;32m  OK  [0m] Started Hold until boot process finishes up.
[[0;32m  OK  [0m] Started Terminate Plymouth Boot Screen.
         Starting Set console scheme...
[[0;32m  OK  [0m] Started Serial Getty on ttyS0.
[[0;32m  OK  [0m] Started Set console scheme.
[[0;32m  OK  [0m] Created slice system-getty.slice.
[[0;32m  OK  [0m] Started Getty on tty1.
[[0;32m  OK  [0m] Reached target Login Prompts.
[[0;32m  OK  [0m] Started OpenBSD Secure Shell server.
[[0;32m  OK  [0m] Started Authorization Manager.
[[0;32m  OK  [0m] Started Accounts Service.
[[0;32m  OK  [0m] Started LXD - container startup/shutdown.
[[0;32m  OK  [0m] Started LSB: automatic crash report generation.
[[0;32m  OK  [0m] Started Wait until snapd is fully seeded.
         Starting Apply the settings specified in cloud-config...
[[0;32m  OK  [0m] Started Virtualbox guest utils.
[[0;32m  OK  [0m] Started Dispatcher daemon for systemd-networkd.
[[0;32m  OK  [0m] Created slice User Slice of vagrant.
         Starting User Manager for UID 1000...
[[0;32m  OK  [0m] Started Session 1 of user vagrant.
[[0;32m  OK  [0m] Started User Manager for UID 1000.
[   22.247430] cloud-init[983]: Cloud-init v. 19.4-33-gbb4131a2-0ubuntu1~18.04.1 running 'modules:config' at Sun, 29 Mar 2020 19:33:20 +0000. Up 21.70 seconds.
[[0;32m  OK  [0m] Started MySQL Community Server.
[[0;32m  OK  [0m] Reached target Multi-User System.
[[0;32m  OK  [0m] Reached target Graphical Interface.
         Starting Update UTMP about System Runlevel Changes...
[[0;32m  OK  [0m] Started Update UTMP about System Runlevel Changes.
[[0;32m  OK  [0m] Started Apply the settings specified in cloud-config.
         Starting Execute cloud user/final scripts...
[   23.578219] cloud-init[1108]: Cloud-init v. 19.4-33-gbb4131a2-0ubuntu1~18.04.1 running 'modules:final' at Sun, 29 Mar 2020 19:33:22 +0000. Up 23.41 seconds.
[   23.654627] cloud-init[1108]: Cloud-init v. 19.4-33-gbb4131a2-0ubuntu1~18.04.1 finished at Sun, 29 Mar 2020 19:33:22 +0000. Datasource DataSourceNoCloud [seed=/dev/sdb][dsmode=net].  Up 23.56 seconds
[[0;32m  OK  [0m] Started Execute cloud user/final scripts.
[[0;32m  OK  [0m] Reached target Cloud-init target.

Ubuntu 18.04.4 LTS ubuntu-bionic ttyS0

ubuntu-bionic login: 